2026-03-12T23:50:58.6544626Z,Updating submodules.,b491f44e-04c7-49d3-a7ab-fc67e5799edb,0
2026-03-12T23:50:58.9200911Z,Preparing deployment for commit id 'afb9e6fea2'.,28e907a5-4ee1-4495-bed5-46e4c499499f,0
2026-03-12T23:50:59.6075983Z,Generating deployment script.,b04b0605-dd81-4385-ba63-8ea4daac7299,0
	2026-03-12T23:50:59.8419959Z,Using cached version of deployment script (command: 'azure -y --no-dot-deployment -r "C:\local\Temp\zipdeploy\extracted" -o "C:\home\site\deployments\tools" --functionApp --sitePath "C:\local\Temp\zipdeploy\extracted"').,,0
2026-03-12T23:51:00.1076126Z,Running deployment command...,edc3ab9f-1b43-44da-82b2-04e1e426fc28,0
	2026-03-12T23:51:00.1701012Z,Command: "C:\home\site\deployments\tools\deploy.cmd",,0
	2026-03-12T23:51:01.1557281Z,Handling function App deployment.,,0
	2026-03-12T23:51:01.2182222Z,Not using funcpack because SCM_USE_FUNCPACK is not set to 1,,0
	2026-03-12T23:51:01.2963685Z,Installing function extensions from nuget,,0
	2026-03-12T23:51:01.3744870Z,Creating app_offline.htm,,0
	2026-03-12T23:51:01.4526004Z,KuduSync.NET from: 'C:\local\Temp\zipdeploy\extracted' to: 'C:\home\site\wwwroot',,0
	2026-03-12T23:51:01.5463592Z,Deleting file: '.funcignore',,0
	2026-03-12T23:51:01.6401150Z,Copying file: 'package-lock.json',,0
	2026-03-12T23:51:01.7338536Z,Deleting app_offline.htm,,0
	2026-03-12T23:51:01.8119760Z,Restoring npm packages in "C:\home\site\wwwroot",,0
	2026-03-12T23:51:02.6586475Z,npm warn config production Use `--omit=dev` instead.,,1
	2026-03-12T23:51:03.0336669Z,npm warn EBADENGINE Unsupported engine {,,1
	2026-03-12T23:51:03.1274120Z,npm warn EBADENGINE   package: '@azure-rest/core-client@2.5.1'&comma;,,1
	2026-03-12T23:51:03.2055271Z,npm warn EBADENGINE   required: { node: '>=20.0.0' }&comma;,,1
	2026-03-12T23:51:03.2680255Z,npm warn EBADENGINE   current: { node: 'v18.20.7'&comma; npm: '10.8.2' },,1
	2026-03-12T23:51:03.3305211Z,npm warn EBADENGINE },,1
	2026-03-12T23:51:03.4086457Z,npm warn EBADENGINE Unsupported engine {,,1
	2026-03-12T23:51:03.4711489Z,npm warn EBADENGINE   package: '@azure/core-amqp@4.4.1'&comma;,,1
	2026-03-12T23:51:03.5338029Z,npm warn EBADENGINE   required: { node: '>=20.0.0' }&comma;,,1
	2026-03-12T23:51:03.6117746Z,npm warn EBADENGINE   current: { node: 'v18.20.7'&comma; npm: '10.8.2' },,1
	2026-03-12T23:51:03.6899122Z,npm warn EBADENGINE },,1
	2026-03-12T23:51:03.7680230Z,,,0
	2026-03-12T23:51:03.7992763Z,npm warn EBADENGINE Unsupported engine {,,1
	2026-03-12T23:51:03.8461440Z,up to date&comma; audited 90 packages in 2s,,0
	2026-03-12T23:51:03.8930300Z,npm warn EBADENGINE   package: '@azure/core-auth@1.10.1'&comma;,,1
	2026-03-12T23:51:03.9242890Z,,,0
	2026-03-12T23:51:03.9555257Z,25 packages are looking for funding,,0
	2026-03-12T23:51:03.9867711Z,npm warn EBADENGINE   required: { node: '>=20.0.0' }&comma;,,1
	2026-03-12T23:51:04.0376807Z,  run `npm fund` for details,,0
	2026-03-12T23:51:04.0689588Z,npm warn EBADENGINE   current: { node: 'v18.20.7'&comma; npm: '10.8.2' },,1
	2026-03-12T23:51:04.1314533Z,,,0
	2026-03-12T23:51:04.1470673Z,found 0 vulnerabilities,,0
	2026-03-12T23:51:04.1939535Z,npm warn EBADENGINE },,1
	2026-03-12T23:51:04.2564504Z,Finished successfully.,,0
	2026-03-12T23:51:04.2720583Z,npm warn EBADENGINE Unsupported engine {,,1
	2026-03-12T23:51:04.3658102Z,npm warn EBADENGINE   package: '@azure/core-client@1.10.1'&comma;,,1
	2026-03-12T23:51:04.4283135Z,npm warn EBADENGINE   required: { node: '>=20.0.0' }&comma;,,1
	2026-03-12T23:51:04.5220594Z,npm warn EBADENGINE   current: { node: 'v18.20.7'&comma; npm: '10.8.2' },,1
	2026-03-12T23:51:04.5845701Z,npm warn EBADENGINE },,1
	2026-03-12T23:51:04.6470583Z,npm warn EBADENGINE Unsupported engine {,,1
	2026-03-12T23:51:04.7095698Z,npm warn EBADENGINE   package: '@azure/core-http-compat@2.3.2'&comma;,,1
	2026-03-12T23:51:04.7876848Z,npm warn EBADENGINE   required: { node: '>=20.0.0' }&comma;,,1
	2026-03-12T23:51:04.8658218Z,npm warn EBADENGINE   current: { node: 'v18.20.7'&comma; npm: '10.8.2' },,1
	2026-03-12T23:51:04.9439537Z,npm warn EBADENGINE },,1
	2026-03-12T23:51:05.0064439Z,npm warn EBADENGINE Unsupported engine {,,1
	2026-03-12T23:51:05.1001970Z,npm warn EBADENGINE   package: '@azure/core-rest-pipeline@1.22.2'&comma;,,1
	2026-03-12T23:51:05.1783203Z,npm warn EBADENGINE   required: { node: '>=20.0.0' }&comma;,,1
	2026-03-12T23:51:05.2408197Z,npm warn EBADENGINE   current: { node: 'v18.20.7'&comma; npm: '10.8.2' },,1
	2026-03-12T23:51:05.3189513Z,npm warn EBADENGINE },,1
	2026-03-12T23:51:05.3814415Z,npm warn EBADENGINE Unsupported engine {,,1
	2026-03-12T23:51:05.4439430Z,npm warn EBADENGINE   package: '@azure/core-tracing@1.3.1'&comma;,,1
	2026-03-12T23:51:05.5064531Z,npm warn EBADENGINE   required: { node: '>=20.0.0' }&comma;,,1
	2026-03-12T23:51:05.5845758Z,npm warn EBADENGINE   current: { node: 'v18.20.7'&comma; npm: '10.8.2' },,1
	2026-03-12T23:51:05.6470721Z,npm warn EBADENGINE },,1
	2026-03-12T23:51:05.7252063Z,npm warn EBADENGINE Unsupported engine {,,1
	2026-03-12T23:51:05.7876956Z,npm warn EBADENGINE   package: '@azure/core-util@1.13.1'&comma;,,1
	2026-03-12T23:51:05.8658241Z,npm warn EBADENGINE   required: { node: '>=20.0.0' }&comma;,,1
	2026-03-12T23:51:05.9283201Z,npm warn EBADENGINE   current: { node: 'v18.20.7'&comma; npm: '10.8.2' },,1
	2026-03-12T23:51:06.0064539Z,npm warn EBADENGINE },,1
	2026-03-12T23:51:06.0845773Z,npm warn EBADENGINE Unsupported engine {,,1
	2026-03-12T23:51:06.1783327Z,npm warn EBADENGINE   package: '@azure/core-xml@1.5.0'&comma;,,1
	2026-03-12T23:51:06.2408291Z,npm warn EBADENGINE   required: { node: '>=20.0.0' }&comma;,,1
	2026-03-12T23:51:06.3189669Z,npm warn EBADENGINE   current: { node: 'v18.20.7'&comma; npm: '10.8.2' },,1
	2026-03-12T23:51:06.3814552Z,npm warn EBADENGINE },,1
	2026-03-12T23:51:06.4595785Z,npm warn EBADENGINE Unsupported engine {,,1
	2026-03-12T23:51:06.5220705Z,npm warn EBADENGINE   package: '@azure/cosmos@4.9.1'&comma;,,1
	2026-03-12T23:51:06.6158340Z,npm warn EBADENGINE   required: { node: '>=20.0.0' }&comma;,,1
	2026-03-12T23:51:06.6939631Z,npm warn EBADENGINE   current: { node: 'v18.20.7'&comma; npm: '10.8.2' },,1
	2026-03-12T23:51:06.7564502Z,npm warn EBADENGINE },,1
	2026-03-12T23:51:06.8345810Z,npm warn EBADENGINE Unsupported engine {,,1
	2026-03-12T23:51:06.9127044Z,npm warn EBADENGINE   package: '@azure/functions@4.11.2'&comma;,,1
	2026-03-12T23:51:06.9908299Z,npm warn EBADENGINE   required: { node: '>=20.0' }&comma;,,1
	2026-03-12T23:51:07.0533703Z,npm warn EBADENGINE   current: { node: 'v18.20.7'&comma; npm: '10.8.2' },,1
	2026-03-12T23:51:07.1314728Z,npm warn EBADENGINE },,1
	2026-03-12T23:51:07.1939593Z,npm warn EBADENGINE Unsupported engine {,,1
	2026-03-12T23:51:07.2720869Z,npm warn EBADENGINE   package: '@azure/logger@1.3.0'&comma;,,1
	2026-03-12T23:51:07.3502116Z,npm warn EBADENGINE   required: { node: '>=20.0.0' }&comma;,,1
	2026-03-12T23:51:07.4131750Z,npm warn EBADENGINE   current: { node: 'v18.20.7'&comma; npm: '10.8.2' },,1
	2026-03-12T23:51:07.4908271Z,npm warn EBADENGINE },,1
	2026-03-12T23:51:07.5533530Z,npm warn EBADENGINE Unsupported engine {,,1
	2026-03-12T23:51:07.6314646Z,npm warn EBADENGINE   package: '@typespec/ts-http-runtime@0.3.3'&comma;,,1
	2026-03-12T23:51:07.6939575Z,npm warn EBADENGINE   required: { node: '>=20.0.0' }&comma;,,1
	2026-03-12T23:51:07.7720830Z,npm warn EBADENGINE   current: { node: 'v18.20.7'&comma; npm: '10.8.2' },,1
	2026-03-12T23:51:07.8345893Z,npm warn EBADENGINE },,1
	2026-03-12T23:51:07.9127071Z,npm notice,,1
	2026-03-12T23:51:07.9908348Z,npm notice New major version of npm available! 10.8.2 -> 11.11.1,,1
	2026-03-12T23:51:08.0533519Z,npm notice Changelog: https://github.com/npm/cli/releases/tag/v11.11.1,,1
	2026-03-12T23:51:08.1470846Z,npm notice To update run: npm install -g npm@11.11.1,,1
	2026-03-12T23:51:08.2408400Z,npm notice,,1
2026-03-12T23:51:08.4908385Z,Running post deployment command(s)...,ddf48180-6d43-4d01-9bfa-469a790125d3,0
2026-03-12T23:51:08.7252152Z,Triggering recycle (preview mode disabled).,e4c4b522-06e2-46c2-8f9c-f81d66c3f339,0
2026-03-12T23:51:09.0220887Z,Deployment successful.,20fd90cd-ebaf-40cb-b3ba-fc39a0b9000f,0
